#
# There is insufficient memory for the Java Runtime Environment to continue.
# Native memory allocation (malloc) failed to allocate 699264 bytes. Error detail: Chunk::new
# Possible reasons:
#   The system is out of physical RAM or swap space
#   This process is running with CompressedOops enabled, and the Java Heap may be blocking the growth of the native heap
# Possible solutions:
#   Reduce memory load on the system
#   Increase physical memory or swap space
#   Check if swap backing store is full
#   Decrease Java heap size (-Xmx/-Xms)
#   Decrease number of Java threads
#   Decrease Java thread stack sizes (-Xss)
#   Set larger code cache with -XX:ReservedCodeCacheSize=
#   JVM is running with Unscaled Compressed Oops mode in which the Java heap is
#     placed in the first 4GB address space. The Java Heap base address is the
#     maximum limit for the native heap growth. Please use -XX:HeapBaseMinAddress
#     to set the Java Heap base and to place the Java Heap above 4GB virtual address.
# This output file may be truncated or incomplete.
#
#  Out of Memory Error (arena.cpp:168), pid=2796, tid=14832
#
# JRE version: OpenJDK Runtime Environment Temurin-21.0.3+9 (21.0.3+9) (build 21.0.3+9-LTS)
# Java VM: OpenJDK 64-Bit Server VM Temurin-21.0.3+9 (21.0.3+9-LTS, mixed mode, sharing, tiered, compressed oops, compressed class ptrs, g1 gc, windows-amd64)
# No core dump will be written. Minidumps are not enabled by default on client versions of Windows
#

---------------  S U M M A R Y ------------

Command Line: -javaagent:C:\\Users\\Admin\\.m2\\repository\\org\\jacoco\\org.jacoco.agent\\0.8.6\\org.jacoco.agent-0.8.6-runtime.jar=destfile=C:\\Users\\Admin\\dev\\tests\\java_sec_demo-main\\target\\jacoco.exec C:\Users\Admin\AppData\Local\Temp\surefire6390913346248180731\surefirebooter7496413421917216415.jar C:\Users\Admin\AppData\Local\Temp\surefire6390913346248180731 2024-07-30T12-44-50_415-jvmRun1 surefire5251883963668476583tmp surefire_017283297263901726792tmp

Host: 12th Gen Intel(R) Core(TM) i3-12100, 8 cores, 7G,  Windows 11 , 64 bit Build 22621 (10.0.22621.3078)
Time: Tue Jul 30 12:44:51 2024 Hora est. Pacífico, Sudamérica elapsed time: 0.448485 seconds (0d 0h 0m 0s)

---------------  T H R E A D  ---------------

Current thread (0x0000017600a3bb90):  JavaThread "C2 CompilerThread0" daemon [_thread_in_native, id=14832, stack(0x0000001ad1100000,0x0000001ad1200000) (1024K)]


Current CompileTask:
C2:    448 1178       4       org.jacoco.agent.rt.internal_f3994fa.asm.Type::getDescriptor (93 bytes)

Stack: [0x0000001ad1100000,0x0000001ad1200000]
Native frames: (J=compiled Java code, j=interpreted, Vv=VM code, C=native code)
V  [jvm.dll+0x6c8699]
V  [jvm.dll+0x8a2061]
V  [jvm.dll+0x8a458e]
V  [jvm.dll+0x8a4c63]
V  [jvm.dll+0x27e476]
V  [jvm.dll+0xc4a1d]
V  [jvm.dll+0xc4f53]
V  [jvm.dll+0x3b265c]
V  [jvm.dll+0x37efa5]
V  [jvm.dll+0x37e40a]
V  [jvm.dll+0x2469c0]
V  [jvm.dll+0x245f9f]
V  [jvm.dll+0x1c6f4e]
V  [jvm.dll+0x255719]
V  [jvm.dll+0x253cba]
V  [jvm.dll+0x3ec1e6]
V  [jvm.dll+0x84bf8b]
V  [jvm.dll+0x6c6dcd]
C  [ucrtbase.dll+0x29363]
C  [KERNEL32.DLL+0x1257d]
C  [ntdll.dll+0x5aa58]


---------------  P R O C E S S  ---------------

Threads class SMR info:
_java_thread_list=0x00000176467ade30, length=13, elements={
0x0000017661c87070, 0x0000017600a24020, 0x0000017600a24c80, 0x0000017600a2e4e0,
0x0000017600a31190, 0x0000017600a2fde0, 0x0000017600a30470, 0x0000017600a3bb90,
0x0000017600a3f650, 0x0000017600a30b00, 0x0000017600a31820, 0x0000017600a31eb0,
0x0000017600a2f0c0
}

Java Threads: ( => current thread )
  0x0000017661c87070 JavaThread "main"                              [_thread_in_Java, id=284, stack(0x0000001ad0300000,0x0000001ad0400000) (1024K)]
  0x0000017600a24020 JavaThread "Reference Handler"          daemon [_thread_blocked, id=16648, stack(0x0000001ad0b00000,0x0000001ad0c00000) (1024K)]
  0x0000017600a24c80 JavaThread "Finalizer"                  daemon [_thread_blocked, id=17496, stack(0x0000001ad0c00000,0x0000001ad0d00000) (1024K)]
  0x0000017600a2e4e0 JavaThread "Signal Dispatcher"          daemon [_thread_blocked, id=13732, stack(0x0000001ad0d00000,0x0000001ad0e00000) (1024K)]
  0x0000017600a31190 JavaThread "Attach Listener"            daemon [_thread_blocked, id=9196, stack(0x0000001ad0e00000,0x0000001ad0f00000) (1024K)]
  0x0000017600a2fde0 JavaThread "Service Thread"             daemon [_thread_blocked, id=15044, stack(0x0000001ad0f00000,0x0000001ad1000000) (1024K)]
  0x0000017600a30470 JavaThread "Monitor Deflation Thread"   daemon [_thread_blocked, id=15264, stack(0x0000001ad1000000,0x0000001ad1100000) (1024K)]
=>0x0000017600a3bb90 JavaThread "C2 CompilerThread0"         daemon [_thread_in_native, id=14832, stack(0x0000001ad1100000,0x0000001ad1200000) (1024K)]
  0x0000017600a3f650 JavaThread "C1 CompilerThread0"         daemon [_thread_in_native, id=14948, stack(0x0000001ad1200000,0x0000001ad1300000) (1024K)]
  0x0000017600a30b00 JavaThread "Common-Cleaner"             daemon [_thread_blocked, id=12768, stack(0x0000001ad1300000,0x0000001ad1400000) (1024K)]
  0x0000017600a31820 JavaThread "Notification Thread"        daemon [_thread_blocked, id=17312, stack(0x0000001ad1400000,0x0000001ad1500000) (1024K)]
  0x0000017600a31eb0 JavaThread "surefire-forkedjvm-command-thread" daemon [_thread_in_native, id=14568, stack(0x0000001ad1500000,0x0000001ad1600000) (1024K)]
  0x0000017600a2f0c0 JavaThread "surefire-forkedjvm-ping-30s" daemon [_thread_in_native, id=17492, stack(0x0000001ad1600000,0x0000001ad1700000) (1024K)]
Total: 13

Other Threads:
  0x0000017600a03ef0 VMThread "VM Thread"                           [id=10260, stack(0x0000001ad0a00000,0x0000001ad0b00000) (1024K)]
  0x00000176009eb5b0 WatcherThread "VM Periodic Task Thread"        [id=17664, stack(0x0000001ad0900000,0x0000001ad0a00000) (1024K)]
  0x0000017663ea3660 WorkerThread "GC Thread#0"                     [id=18164, stack(0x0000001ad0400000,0x0000001ad0500000) (1024K)]
  0x0000017646c0f940 WorkerThread "GC Thread#1"                     [id=10800, stack(0x0000001ad1700000,0x0000001ad1800000) (1024K)]
  0x0000017646c39070 WorkerThread "GC Thread#2"                     [id=16924, stack(0x0000001ad1800000,0x0000001ad1900000) (1024K)]
  0x0000017646c4f180 WorkerThread "GC Thread#3"                     [id=8840, stack(0x0000001ad1900000,0x0000001ad1a00000) (1024K)]
  0x0000017646c51530 WorkerThread "GC Thread#4"                     [id=6948, stack(0x0000001ad1a00000,0x0000001ad1b00000) (1024K)]
  0x0000017646c51ae0 WorkerThread "GC Thread#5"                     [id=15864, stack(0x0000001ad1b00000,0x0000001ad1c00000) (1024K)]
  0x0000017646c51e80 WorkerThread "GC Thread#6"                     [id=9868, stack(0x0000001ad1c00000,0x0000001ad1d00000) (1024K)]
  0x0000017663eb3f80 ConcurrentGCThread "G1 Main Marker"            [id=14044, stack(0x0000001ad0500000,0x0000001ad0600000) (1024K)]
  0x0000017663eb5a90 WorkerThread "G1 Conc#0"                       [id=14544, stack(0x0000001ad0600000,0x0000001ad0700000) (1024K)]
  0x00000176008b9110 ConcurrentGCThread "G1 Refine#0"               [id=16404, stack(0x0000001ad0700000,0x0000001ad0800000) (1024K)]
  0x00000176008b9b90 ConcurrentGCThread "G1 Service"                [id=17352, stack(0x0000001ad0800000,0x0000001ad0900000) (1024K)]
Total: 13

Threads with active compile tasks:
C2 CompilerThread0      469 1178       4       org.jacoco.agent.rt.internal_f3994fa.asm.Type::getDescriptor (93 bytes)
C1 CompilerThread0      469 1523       3       java.util.ArrayList::set (24 bytes)
Total: 2

VM state: not at safepoint (normal execution)

VM Mutex/Monitor currently owned by a thread:  ([mutex/lock_event])
[0x00007ff8330d00a8] Metaspace_lock - owner thread: 0x0000017661c87070

Heap address: 0x0000000083600000, size: 1994 MB, Compressed Oops mode: 32-bit

CDS archive(s) mapped at: [0x0000017601000000-0x0000017601c90000-0x0000017601c90000), size 13172736, SharedBaseAddress: 0x0000017601000000, ArchiveRelocationMode: 1.
Compressed class space mapped at: 0x0000017602000000-0x0000017642000000, reserved size: 1073741824
Narrow klass base: 0x0000017601000000, Narrow klass shift: 0, Narrow klass range: 0x100000000

GC Precious Log:
 CardTable entry size: 512
 Card Set container configuration: InlinePtr #cards 5 size 8 Array Of Cards #cards 12 size 40 Howl #buckets 4 coarsen threshold 1843 Howl Bitmap #cards 512 size 80 coarsen threshold 460 Card regions per heap region 1 cards per card region 2048
 CPUs: 8 total, 8 available
 Memory: 7969M
 Large Page Support: Disabled
 NUMA Support: Disabled
 Compressed Oops: Enabled (32-bit)
 Heap Region Size: 1M
 Heap Min Capacity: 8M
 Heap Initial Capacity: 126M
 Heap Max Capacity: 1994M
 Pre-touch: Disabled
 Parallel Workers: 8
 Concurrent Workers: 2
 Concurrent Refinement Workers: 8
 Periodic GC: Disabled

Heap:
 garbage-first heap   total 129024K, used 24971K [0x0000000083600000, 0x0000000100000000)
  region size 1024K, 22 young (22528K), 3 survivors (3072K)
 Metaspace       used 5426K, committed 5696K, reserved 1114112K
  class space    used 514K, committed 640K, reserved 1048576K

Heap Regions: E=young(eden), S=young(survivor), O=old, HS=humongous(starts), HC=humongous(continues), CS=collection set, F=free, TAMS=top-at-mark-start, PB=parsable bottom
|   0|0x0000000083600000, 0x0000000083700000, 0x0000000083700000|100%| O|  |TAMS 0x0000000083600000| PB 0x0000000083600000| Untracked 
|   1|0x0000000083700000, 0x0000000083800000, 0x0000000083800000|100%| O|  |TAMS 0x0000000083700000| PB 0x0000000083700000| Untracked 
|   2|0x0000000083800000, 0x0000000083900000, 0x0000000083900000|100%| O|  |TAMS 0x0000000083800000| PB 0x0000000083800000| Untracked 
|   3|0x0000000083900000, 0x0000000083962d20, 0x0000000083a00000| 38%| O|  |TAMS 0x0000000083900000| PB 0x0000000083900000| Untracked 
|   4|0x0000000083a00000, 0x0000000083a00000, 0x0000000083b00000|  0%| F|  |TAMS 0x0000000083a00000| PB 0x0000000083a00000| Untracked 
|   5|0x0000000083b00000, 0x0000000083b00000, 0x0000000083c00000|  0%| F|  |TAMS 0x0000000083b00000| PB 0x0000000083b00000| Untracked 
|   6|0x0000000083c00000, 0x0000000083c00000, 0x0000000083d00000|  0%| F|  |TAMS 0x0000000083c00000| PB 0x0000000083c00000| Untracked 
|   7|0x0000000083d00000, 0x0000000083d00000, 0x0000000083e00000|  0%| F|  |TAMS 0x0000000083d00000| PB 0x0000000083d00000| Untracked 
|   8|0x0000000083e00000, 0x0000000083e00000, 0x0000000083f00000|  0%| F|  |TAMS 0x0000000083e00000| PB 0x0000000083e00000| Untracked 
|   9|0x0000000083f00000, 0x0000000083f00000, 0x0000000084000000|  0%| F|  |TAMS 0x0000000083f00000| PB 0x0000000083f00000| Untracked 
|  10|0x0000000084000000, 0x0000000084000000, 0x0000000084100000|  0%| F|  |TAMS 0x0000000084000000| PB 0x0000000084000000| Untracked 
|  11|0x0000000084100000, 0x0000000084100000, 0x0000000084200000|  0%| F|  |TAMS 0x0000000084100000| PB 0x0000000084100000| Untracked 
|  12|0x0000000084200000, 0x0000000084200000, 0x0000000084300000|  0%| F|  |TAMS 0x0000000084200000| PB 0x0000000084200000| Untracked 
|  13|0x0000000084300000, 0x0000000084300000, 0x0000000084400000|  0%| F|  |TAMS 0x0000000084300000| PB 0x0000000084300000| Untracked 
|  14|0x0000000084400000, 0x0000000084400000, 0x0000000084500000|  0%| F|  |TAMS 0x0000000084400000| PB 0x0000000084400000| Untracked 
|  15|0x0000000084500000, 0x0000000084500000, 0x0000000084600000|  0%| F|  |TAMS 0x0000000084500000| PB 0x0000000084500000| Untracked 
|  16|0x0000000084600000, 0x0000000084600000, 0x0000000084700000|  0%| F|  |TAMS 0x0000000084600000| PB 0x0000000084600000| Untracked 
|  17|0x0000000084700000, 0x0000000084700000, 0x0000000084800000|  0%| F|  |TAMS 0x0000000084700000| PB 0x0000000084700000| Untracked 
|  18|0x0000000084800000, 0x0000000084800000, 0x0000000084900000|  0%| F|  |TAMS 0x0000000084800000| PB 0x0000000084800000| Untracked 
|  19|0x0000000084900000, 0x0000000084900000, 0x0000000084a00000|  0%| F|  |TAMS 0x0000000084900000| PB 0x0000000084900000| Untracked 
|  20|0x0000000084a00000, 0x0000000084a00000, 0x0000000084b00000|  0%| F|  |TAMS 0x0000000084a00000| PB 0x0000000084a00000| Untracked 
|  21|0x0000000084b00000, 0x0000000084b00000, 0x0000000084c00000|  0%| F|  |TAMS 0x0000000084b00000| PB 0x0000000084b00000| Untracked 
|  22|0x0000000084c00000, 0x0000000084c00000, 0x0000000084d00000|  0%| F|  |TAMS 0x0000000084c00000| PB 0x0000000084c00000| Untracked 
|  23|0x0000000084d00000, 0x0000000084d00000, 0x0000000084e00000|  0%| F|  |TAMS 0x0000000084d00000| PB 0x0000000084d00000| Untracked 
|  24|0x0000000084e00000, 0x0000000084e00000, 0x0000000084f00000|  0%| F|  |TAMS 0x0000000084e00000| PB 0x0000000084e00000| Untracked 
|  25|0x0000000084f00000, 0x0000000084f00000, 0x0000000085000000|  0%| F|  |TAMS 0x0000000084f00000| PB 0x0000000084f00000| Untracked 
|  26|0x0000000085000000, 0x0000000085000000, 0x0000000085100000|  0%| F|  |TAMS 0x0000000085000000| PB 0x0000000085000000| Untracked 
|  27|0x0000000085100000, 0x0000000085100000, 0x0000000085200000|  0%| F|  |TAMS 0x0000000085100000| PB 0x0000000085100000| Untracked 
|  28|0x0000000085200000, 0x0000000085200000, 0x0000000085300000|  0%| F|  |TAMS 0x0000000085200000| PB 0x0000000085200000| Untracked 
|  29|0x0000000085300000, 0x0000000085300000, 0x0000000085400000|  0%| F|  |TAMS 0x0000000085300000| PB 0x0000000085300000| Untracked 
|  30|0x0000000085400000, 0x0000000085400000, 0x0000000085500000|  0%| F|  |TAMS 0x0000000085400000| PB 0x0000000085400000| Untracked 
|  31|0x0000000085500000, 0x0000000085500000, 0x0000000085600000|  0%| F|  |TAMS 0x0000000085500000| PB 0x0000000085500000| Untracked 
|  32|0x0000000085600000, 0x0000000085600000, 0x0000000085700000|  0%| F|  |TAMS 0x0000000085600000| PB 0x0000000085600000| Untracked 
|  33|0x0000000085700000, 0x0000000085700000, 0x0000000085800000|  0%| F|  |TAMS 0x0000000085700000| PB 0x0000000085700000| Untracked 
|  34|0x0000000085800000, 0x0000000085800000, 0x0000000085900000|  0%| F|  |TAMS 0x0000000085800000| PB 0x0000000085800000| Untracked 
|  35|0x0000000085900000, 0x0000000085900000, 0x0000000085a00000|  0%| F|  |TAMS 0x0000000085900000| PB 0x0000000085900000| Untracked 
|  36|0x0000000085a00000, 0x0000000085a00000, 0x0000000085b00000|  0%| F|  |TAMS 0x0000000085a00000| PB 0x0000000085a00000| Untracked 
|  37|0x0000000085b00000, 0x0000000085b00000, 0x0000000085c00000|  0%| F|  |TAMS 0x0000000085b00000| PB 0x0000000085b00000| Untracked 
|  38|0x0000000085c00000, 0x0000000085c00000, 0x0000000085d00000|  0%| F|  |TAMS 0x0000000085c00000| PB 0x0000000085c00000| Untracked 
|  39|0x0000000085d00000, 0x0000000085d00000, 0x0000000085e00000|  0%| F|  |TAMS 0x0000000085d00000| PB 0x0000000085d00000| Untracked 
|  40|0x0000000085e00000, 0x0000000085e00000, 0x0000000085f00000|  0%| F|  |TAMS 0x0000000085e00000| PB 0x0000000085e00000| Untracked 
|  41|0x0000000085f00000, 0x0000000085f00000, 0x0000000086000000|  0%| F|  |TAMS 0x0000000085f00000| PB 0x0000000085f00000| Untracked 
|  42|0x0000000086000000, 0x0000000086000000, 0x0000000086100000|  0%| F|  |TAMS 0x0000000086000000| PB 0x0000000086000000| Untracked 
|  43|0x0000000086100000, 0x0000000086100000, 0x0000000086200000|  0%| F|  |TAMS 0x0000000086100000| PB 0x0000000086100000| Untracked 
|  44|0x0000000086200000, 0x0000000086200000, 0x0000000086300000|  0%| F|  |TAMS 0x0000000086200000| PB 0x0000000086200000| Untracked 
|  45|0x0000000086300000, 0x0000000086300000, 0x0000000086400000|  0%| F|  |TAMS 0x0000000086300000| PB 0x0000000086300000| Untracked 
|  46|0x0000000086400000, 0x0000000086400000, 0x0000000086500000|  0%| F|  |TAMS 0x0000000086400000| PB 0x0000000086400000| Untracked 
|  47|0x0000000086500000, 0x0000000086500000, 0x0000000086600000|  0%| F|  |TAMS 0x0000000086500000| PB 0x0000000086500000| Untracked 
|  48|0x0000000086600000, 0x0000000086600000, 0x0000000086700000|  0%| F|  |TAMS 0x0000000086600000| PB 0x0000000086600000| Untracked 
|  49|0x0000000086700000, 0x0000000086700000, 0x0000000086800000|  0%| F|  |TAMS 0x0000000086700000| PB 0x0000000086700000| Untracked 
|  50|0x0000000086800000, 0x0000000086800000, 0x0000000086900000|  0%| F|  |TAMS 0x0000000086800000| PB 0x0000000086800000| Untracked 
|  51|0x0000000086900000, 0x0000000086900000, 0x0000000086a00000|  0%| F|  |TAMS 0x0000000086900000| PB 0x0000000086900000| Untracked 
|  52|0x0000000086a00000, 0x0000000086a00000, 0x0000000086b00000|  0%| F|  |TAMS 0x0000000086a00000| PB 0x0000000086a00000| Untracked 
|  53|0x0000000086b00000, 0x0000000086b00000, 0x0000000086c00000|  0%| F|  |TAMS 0x0000000086b00000| PB 0x0000000086b00000| Untracked 
|  54|0x0000000086c00000, 0x0000000086c00000, 0x0000000086d00000|  0%| F|  |TAMS 0x0000000086c00000| PB 0x0000000086c00000| Untracked 
|  55|0x0000000086d00000, 0x0000000086d00000, 0x0000000086e00000|  0%| F|  |TAMS 0x0000000086d00000| PB 0x0000000086d00000| Untracked 
|  56|0x0000000086e00000, 0x0000000086e00000, 0x0000000086f00000|  0%| F|  |TAMS 0x0000000086e00000| PB 0x0000000086e00000| Untracked 
|  57|0x0000000086f00000, 0x0000000086f00000, 0x0000000087000000|  0%| F|  |TAMS 0x0000000086f00000| PB 0x0000000086f00000| Untracked 
|  58|0x0000000087000000, 0x0000000087000000, 0x0000000087100000|  0%| F|  |TAMS 0x0000000087000000| PB 0x0000000087000000| Untracked 
|  59|0x0000000087100000, 0x0000000087100000, 0x0000000087200000|  0%| F|  |TAMS 0x0000000087100000| PB 0x0000000087100000| Untracked 
|  60|0x0000000087200000, 0x0000000087200000, 0x0000000087300000|  0%| F|  |TAMS 0x0000000087200000| PB 0x0000000087200000| Untracked 
|  61|0x0000000087300000, 0x0000000087300000, 0x0000000087400000|  0%| F|  |TAMS 0x0000000087300000| PB 0x0000000087300000| Untracked 
|  62|0x0000000087400000, 0x0000000087400000, 0x0000000087500000|  0%| F|  |TAMS 0x0000000087400000| PB 0x0000000087400000| Untracked 
|  63|0x0000000087500000, 0x0000000087500000, 0x0000000087600000|  0%| F|  |TAMS 0x0000000087500000| PB 0x0000000087500000| Untracked 
|  64|0x0000000087600000, 0x0000000087600000, 0x0000000087700000|  0%| F|  |TAMS 0x0000000087600000| PB 0x0000000087600000| Untracked 
|  65|0x0000000087700000, 0x0000000087700000, 0x0000000087800000|  0%| F|  |TAMS 0x0000000087700000| PB 0x0000000087700000| Untracked 
|  66|0x0000000087800000, 0x0000000087800000, 0x0000000087900000|  0%| F|  |TAMS 0x0000000087800000| PB 0x0000000087800000| Untracked 
|  67|0x0000000087900000, 0x0000000087900000, 0x0000000087a00000|  0%| F|  |TAMS 0x0000000087900000| PB 0x0000000087900000| Untracked 
|  68|0x0000000087a00000, 0x0000000087a00000, 0x0000000087b00000|  0%| F|  |TAMS 0x0000000087a00000| PB 0x0000000087a00000| Untracked 
|  69|0x0000000087b00000, 0x0000000087b00000, 0x0000000087c00000|  0%| F|  |TAMS 0x0000000087b00000| PB 0x0000000087b00000| Untracked 
|  70|0x0000000087c00000, 0x0000000087c00000, 0x0000000087d00000|  0%| F|  |TAMS 0x0000000087c00000| PB 0x0000000087c00000| Untracked 
|  71|0x0000000087d00000, 0x0000000087d00000, 0x0000000087e00000|  0%| F|  |TAMS 0x0000000087d00000| PB 0x0000000087d00000| Untracked 
|  72|0x0000000087e00000, 0x0000000087e00000, 0x0000000087f00000|  0%| F|  |TAMS 0x0000000087e00000| PB 0x0000000087e00000| Untracked 
|  73|0x0000000087f00000, 0x0000000087f00000, 0x0000000088000000|  0%| F|  |TAMS 0x0000000087f00000| PB 0x0000000087f00000| Untracked 
|  74|0x0000000088000000, 0x0000000088000000, 0x0000000088100000|  0%| F|  |TAMS 0x0000000088000000| PB 0x0000000088000000| Untracked 
|  75|0x0000000088100000, 0x0000000088100000, 0x0000000088200000|  0%| F|  |TAMS 0x0000000088100000| PB 0x0000000088100000| Untracked 
|  76|0x0000000088200000, 0x0000000088200000, 0x0000000088300000|  0%| F|  |TAMS 0x0000000088200000| PB 0x0000000088200000| Untracked 
|  77|0x0000000088300000, 0x0000000088300000, 0x0000000088400000|  0%| F|  |TAMS 0x0000000088300000| PB 0x0000000088300000| Untracked 
|  78|0x0000000088400000, 0x0000000088400000, 0x0000000088500000|  0%| F|  |TAMS 0x0000000088400000| PB 0x0000000088400000| Untracked 
|  79|0x0000000088500000, 0x0000000088500000, 0x0000000088600000|  0%| F|  |TAMS 0x0000000088500000| PB 0x0000000088500000| Untracked 
|  80|0x0000000088600000, 0x0000000088600000, 0x0000000088700000|  0%| F|  |TAMS 0x0000000088600000| PB 0x0000000088600000| Untracked 
|  81|0x0000000088700000, 0x0000000088700000, 0x0000000088800000|  0%| F|  |TAMS 0x0000000088700000| PB 0x0000000088700000| Untracked 
|  82|0x0000000088800000, 0x0000000088800000, 0x0000000088900000|  0%| F|  |TAMS 0x0000000088800000| PB 0x0000000088800000| Untracked 
|  83|0x0000000088900000, 0x0000000088900000, 0x0000000088a00000|  0%| F|  |TAMS 0x0000000088900000| PB 0x0000000088900000| Untracked 
|  84|0x0000000088a00000, 0x0000000088a00000, 0x0000000088b00000|  0%| F|  |TAMS 0x0000000088a00000| PB 0x0000000088a00000| Untracked 
|  85|0x0000000088b00000, 0x0000000088b00000, 0x0000000088c00000|  0%| F|  |TAMS 0x0000000088b00000| PB 0x0000000088b00000| Untracked 
|  86|0x0000000088c00000, 0x0000000088c00000, 0x0000000088d00000|  0%| F|  |TAMS 0x0000000088c00000| PB 0x0000000088c00000| Untracked 
|  87|0x0000000088d00000, 0x0000000088d00000, 0x0000000088e00000|  0%| F|  |TAMS 0x0000000088d00000| PB 0x0000000088d00000| Untracked 
|  88|0x0000000088e00000, 0x0000000088e00000, 0x0000000088f00000|  0%| F|  |TAMS 0x0000000088e00000| PB 0x0000000088e00000| Untracked 
|  89|0x0000000088f00000, 0x0000000088f00000, 0x0000000089000000|  0%| F|  |TAMS 0x0000000088f00000| PB 0x0000000088f00000| Untracked 
|  90|0x0000000089000000, 0x0000000089000000, 0x0000000089100000|  0%| F|  |TAMS 0x0000000089000000| PB 0x0000000089000000| Untracked 
|  91|0x0000000089100000, 0x0000000089100000, 0x0000000089200000|  0%| F|  |TAMS 0x0000000089100000| PB 0x0000000089100000| Untracked 
|  92|0x0000000089200000, 0x0000000089200000, 0x0000000089300000|  0%| F|  |TAMS 0x0000000089200000| PB 0x0000000089200000| Untracked 
|  93|0x0000000089300000, 0x0000000089300000, 0x0000000089400000|  0%| F|  |TAMS 0x0000000089300000| PB 0x0000000089300000| Untracked 
|  94|0x0000000089400000, 0x0000000089400000, 0x0000000089500000|  0%| F|  |TAMS 0x0000000089400000| PB 0x0000000089400000| Untracked 
|  95|0x0000000089500000, 0x0000000089500000, 0x0000000089600000|  0%| F|  |TAMS 0x0000000089500000| PB 0x0000000089500000| Untracked 
|  96|0x0000000089600000, 0x0000000089600000, 0x0000000089700000|  0%| F|  |TAMS 0x0000000089600000| PB 0x0000000089600000| Untracked 
|  97|0x0000000089700000, 0x0000000089700000, 0x0000000089800000|  0%| F|  |TAMS 0x0000000089700000| PB 0x0000000089700000| Untracked 
|  98|0x0000000089800000, 0x0000000089800000, 0x0000000089900000|  0%| F|  |TAMS 0x0000000089800000| PB 0x0000000089800000| Untracked 
|  99|0x0000000089900000, 0x0000000089900000, 0x0000000089a00000|  0%| F|  |TAMS 0x0000000089900000| PB 0x0000000089900000| Untracked 
| 100|0x0000000089a00000, 0x0000000089b00000, 0x0000000089b00000|100%| S|CS|TAMS 0x0000000089a00000| PB 0x0000000089a00000| Complete 
| 101|0x0000000089b00000, 0x0000000089c00000, 0x0000000089c00000|100%| S|CS|TAMS 0x0000000089b00000| PB 0x0000000089b00000| Complete 
| 102|0x0000000089c00000, 0x0000000089d00000, 0x0000000089d00000|100%| S|CS|TAMS 0x0000000089c00000| PB 0x0000000089c00000| Complete 
| 103|0x0000000089d00000, 0x0000000089d00000, 0x0000000089e00000|  0%| F|  |TAMS 0x0000000089d00000| PB 0x0000000089d00000| Untracked 
| 104|0x0000000089e00000, 0x0000000089e00000, 0x0000000089f00000|  0%| F|  |TAMS 0x0000000089e00000| PB 0x0000000089e00000| Untracked 
| 105|0x0000000089f00000, 0x0000000089f00000, 0x000000008a000000|  0%| F|  |TAMS 0x0000000089f00000| PB 0x0000000089f00000| Untracked 
| 106|0x000000008a000000, 0x000000008a000000, 0x000000008a100000|  0%| F|  |TAMS 0x000000008a000000| PB 0x000000008a000000| Untracked 
| 107|0x000000008a100000, 0x000000008a200000, 0x000000008a200000|100%| E|  |TAMS 0x000000008a100000| PB 0x000000008a100000| Complete 
| 108|0x000000008a200000, 0x000000008a300000, 0x000000008a300000|100%| E|CS|TAMS 0x000000008a200000| PB 0x000000008a200000| Complete 
| 109|0x000000008a300000, 0x000000008a400000, 0x000000008a400000|100%| E|CS|TAMS 0x000000008a300000| PB 0x000000008a300000| Complete 
| 110|0x000000008a400000, 0x000000008a500000, 0x000000008a500000|100%| E|CS|TAMS 0x000000008a400000| PB 0x000000008a400000| Complete 
| 111|0x000000008a500000, 0x000000008a600000, 0x000000008a600000|100%| E|CS|TAMS 0x000000008a500000| PB 0x000000008a500000| Complete 
| 112|0x000000008a600000, 0x000000008a700000, 0x000000008a700000|100%| E|CS|TAMS 0x000000008a600000| PB 0x000000008a600000| Complete 
| 113|0x000000008a700000, 0x000000008a800000, 0x000000008a800000|100%| E|CS|TAMS 0x000000008a700000| PB 0x000000008a700000| Complete 
| 114|0x000000008a800000, 0x000000008a900000, 0x000000008a900000|100%| E|CS|TAMS 0x000000008a800000| PB 0x000000008a800000| Complete 
| 115|0x000000008a900000, 0x000000008aa00000, 0x000000008aa00000|100%| E|CS|TAMS 0x000000008a900000| PB 0x000000008a900000| Complete 
| 116|0x000000008aa00000, 0x000000008ab00000, 0x000000008ab00000|100%| E|CS|TAMS 0x000000008aa00000| PB 0x000000008aa00000| Complete 
| 117|0x000000008ab00000, 0x000000008ac00000, 0x000000008ac00000|100%| E|CS|TAMS 0x000000008ab00000| PB 0x000000008ab00000| Complete 
| 118|0x000000008ac00000, 0x000000008ad00000, 0x000000008ad00000|100%| E|CS|TAMS 0x000000008ac00000| PB 0x000000008ac00000| Complete 
| 119|0x000000008ad00000, 0x000000008ae00000, 0x000000008ae00000|100%| E|CS|TAMS 0x000000008ad00000| PB 0x000000008ad00000| Complete 
| 120|0x000000008ae00000, 0x000000008af00000, 0x000000008af00000|100%| E|CS|TAMS 0x000000008ae00000| PB 0x000000008ae00000| Complete 
| 121|0x000000008af00000, 0x000000008b000000, 0x000000008b000000|100%| E|CS|TAMS 0x000000008af00000| PB 0x000000008af00000| Complete 
| 122|0x000000008b000000, 0x000000008b100000, 0x000000008b100000|100%| E|CS|TAMS 0x000000008b000000| PB 0x000000008b000000| Complete 
| 123|0x000000008b100000, 0x000000008b200000, 0x000000008b200000|100%| E|CS|TAMS 0x000000008b100000| PB 0x000000008b100000| Complete 
| 124|0x000000008b200000, 0x000000008b300000, 0x000000008b300000|100%| E|CS|TAMS 0x000000008b200000| PB 0x000000008b200000| Complete 
| 125|0x000000008b300000, 0x000000008b400000, 0x000000008b400000|100%| E|CS|TAMS 0x000000008b300000| PB 0x000000008b300000| Complete 

Card table byte_map: [0x000001767bc40000,0x000001767c030000] _byte_map_base: 0x000001767b825000

Marking Bits: (CMBitMap*) 0x0000017663ea3d60
 Bits: [0x000001767c030000, 0x000001767df58000)

Polling page: 0x0000017661fb0000

Metaspace:

Usage:
  Non-class:      4.81 MB used.
      Class:    516.52 KB used.
       Both:      5.31 MB used.

Virtual space:
  Non-class space:       64.00 MB reserved,       4.94 MB (  8%) committed,  1 nodes.
      Class space:        1.00 GB reserved,     640.00 KB ( <1%) committed,  1 nodes.
             Both:        1.06 GB reserved,       5.56 MB ( <1%) committed. 

Chunk freelists:
   Non-Class:  9.80 MB
       Class:  15.23 MB
        Both:  25.03 MB

MaxMetaspaceSize: unlimited
CompressedClassSpaceSize: 1.00 GB
Initial GC threshold: 21.00 MB
Current GC threshold: 21.00 MB
CDS: on
 - commit_granule_bytes: 65536.
 - commit_granule_words: 8192.
 - virtual_space_node_default_size: 8388608.
 - enlarge_chunks_in_place: 1.
 - use_allocation_guard: 0.


Internal statistics:

num_allocs_failed_limit: 0.
num_arena_births: 96.
num_arena_deaths: 0.
num_vsnodes_births: 2.
num_vsnodes_deaths: 0.
num_space_committed: 89.
num_space_uncommitted: 0.
num_chunks_returned_to_freelist: 0.
num_chunks_taken_from_freelist: 212.
num_chunk_merges: 0.
num_chunk_splits: 145.
num_chunks_enlarged: 105.
num_inconsistent_stats: 0.

CodeHeap 'non-profiled nmethods': size=120000Kb used=471Kb max_used=471Kb free=119528Kb
 bounds [0x0000017673ff0000, 0x0000017674260000, 0x000001767b520000]
CodeHeap 'profiled nmethods': size=120000Kb used=3152Kb max_used=3152Kb free=116847Kb
 bounds [0x000001766c520000, 0x000001766c840000, 0x0000017673a50000]
CodeHeap 'non-nmethods': size=5760Kb used=1370Kb max_used=1389Kb free=4389Kb
 bounds [0x0000017673a50000, 0x0000017673cc0000, 0x0000017673ff0000]
 total_blobs=1982 nmethods=1511 adapters=375
 compilation: enabled
              stopped_count=0, restarted_count=0
 full_count=0

Compilation events (20 events):
Event: 0.438 Thread 0x0000017600a3f650 1455       3       org.jacoco.agent.rt.internal_f3994fa.asm.ClassWriter::visitInnerClass (130 bytes)
Event: 0.438 Thread 0x0000017600a3f650 nmethod 1455 0x000001766c81b790 code [0x000001766c81b9e0, 0x000001766c81c1f0]
Event: 0.439 Thread 0x0000017600a3f650 1457       3       org.jacoco.agent.rt.internal_f3994fa.asm.ClassVisitor::visitAnnotation (19 bytes)
Event: 0.439 Thread 0x0000017600a3f650 nmethod 1457 0x000001766c81c610 code [0x000001766c81c7c0, 0x000001766c81ca00]
Event: 0.439 Thread 0x0000017600a3f650 1458       3       java.lang.ClassLoader::compareCerts (197 bytes)
Event: 0.440 Thread 0x0000017600a3f650 nmethod 1458 0x000001766c81cb10 code [0x000001766c81cd40, 0x000001766c81d5c8]
Event: 0.440 Thread 0x0000017600a3f650 1459       3       java.util.regex.Pattern$GroupTail::match (111 bytes)
Event: 0.440 Thread 0x0000017600a3f650 nmethod 1459 0x000001766c81d890 code [0x000001766c81da60, 0x000001766c81de20]
Event: 0.442 Thread 0x0000017600a3f650 1461   !   3       java.lang.invoke.MethodHandle::setVarargs (50 bytes)
Event: 0.442 Thread 0x0000017600a3f650 nmethod 1461 0x000001766c81e010 code [0x000001766c81e2e0, 0x000001766c81eed8]
Event: 0.442 Thread 0x0000017600a3f650 1462       3       java.lang.invoke.MemberName::isVarargs (23 bytes)
Event: 0.442 Thread 0x0000017600a3f650 nmethod 1462 0x000001766c81f310 code [0x000001766c81f4e0, 0x000001766c81f850]
Event: 0.442 Thread 0x0000017600a3f650 1463       3       java.lang.Package::isSealed (26 bytes)
Event: 0.443 Thread 0x0000017600a3f650 nmethod 1463 0x000001766c81f990 code [0x000001766c81fb40, 0x000001766c81fe38]
Event: 0.445 Thread 0x0000017600a3f650 1465       3       org.jacoco.agent.rt.internal_f3994fa.core.internal.instr.InstrSupport::getMajorVersion (16 bytes)
Event: 0.445 Thread 0x0000017600a3f650 nmethod 1465 0x000001766c81ff10 code [0x000001766c8200c0, 0x000001766c8202a0]
Event: 0.446 Thread 0x0000017600a3f650 1466       1       org.jacoco.agent.rt.internal_f3994fa.core.data.ExecutionData::getProbes (5 bytes)
Event: 0.446 Thread 0x0000017600a3f650 nmethod 1466 0x0000017674063a10 code [0x0000017674063ba0, 0x0000017674063c68]
Event: 0.447 Thread 0x0000017600a3f650 1468       3       jdk.internal.org.objectweb.asm.MethodWriter::<init> (232 bytes)
Event: 0.447 Thread 0x0000017600a3f650 nmethod 1468 0x000001766c820410 code [0x000001766c8206c0, 0x000001766c821430]

GC Heap History (2 events):
Event: 0.329 GC heap before
{Heap before GC invocations=0 (full 0):
 garbage-first heap   total 129024K, used 22528K [0x0000000083600000, 0x0000000100000000)
  region size 1024K, 23 young (23552K), 0 survivors (0K)
 Metaspace       used 3435K, committed 3584K, reserved 1114112K
  class space    used 301K, committed 384K, reserved 1048576K
}
Event: 0.332 GC heap after
{Heap after GC invocations=1 (full 0):
 garbage-first heap   total 129024K, used 6539K [0x0000000083600000, 0x0000000100000000)
  region size 1024K, 3 young (3072K), 3 survivors (3072K)
 Metaspace       used 3435K, committed 3584K, reserved 1114112K
  class space    used 301K, committed 384K, reserved 1048576K
}

Dll operation events (11 events):
Event: 0.006 Loaded shared library C:\Program Files\Eclipse Adoptium\jdk-21.0.3.9-hotspot\bin\java.dll
Event: 0.024 Loaded shared library C:\Program Files\Eclipse Adoptium\jdk-21.0.3.9-hotspot\bin\jsvml.dll
Event: 0.042 Loaded shared library C:\Program Files\Eclipse Adoptium\jdk-21.0.3.9-hotspot\bin\zip.dll
Event: 0.044 Loaded shared library C:\Program Files\Eclipse Adoptium\jdk-21.0.3.9-hotspot\bin\instrument.dll
Event: 0.046 Loaded shared library C:\Program Files\Eclipse Adoptium\jdk-21.0.3.9-hotspot\bin\net.dll
Event: 0.047 Loaded shared library C:\Program Files\Eclipse Adoptium\jdk-21.0.3.9-hotspot\bin\nio.dll
Event: 0.049 Loaded shared library C:\Program Files\Eclipse Adoptium\jdk-21.0.3.9-hotspot\bin\zip.dll
Event: 0.086 Loaded shared library C:\Program Files\Eclipse Adoptium\jdk-21.0.3.9-hotspot\bin\verify.dll
Event: 0.107 Loaded shared library C:\Program Files\Eclipse Adoptium\jdk-21.0.3.9-hotspot\bin\jimage.dll
Event: 0.212 Loaded shared library C:\Program Files\Eclipse Adoptium\jdk-21.0.3.9-hotspot\bin\management.dll
Event: 0.217 Loaded shared library C:\Program Files\Eclipse Adoptium\jdk-21.0.3.9-hotspot\bin\management_ext.dll

Deoptimization events (20 events):
Event: 0.374 Thread 0x0000017661c87070 Uncommon trap: trap_request=0xffffff45 fr.pc=0x0000017674027f3c relative=0x00000000000006bc
Event: 0.374 Thread 0x0000017661c87070 Uncommon trap: reason=unstable_if action=reinterpret pc=0x0000017674027f3c method=java.util.jar.JarFile.checkForSpecialAttributes()V @ 4 c2
Event: 0.374 Thread 0x0000017661c87070 DEOPT PACKING pc=0x0000017674027f3c sp=0x0000001ad03fe5f0
Event: 0.374 Thread 0x0000017661c87070 DEOPT UNPACKING pc=0x0000017673aa46a2 sp=0x0000001ad03fe4f8 mode 2
Event: 0.379 Thread 0x0000017661c87070 DEOPT PACKING pc=0x000001766c5a2ff7 sp=0x0000001ad03f9bb0
Event: 0.379 Thread 0x0000017661c87070 DEOPT UNPACKING pc=0x0000017673aa4e42 sp=0x0000001ad03f9000 mode 0
Event: 0.391 Thread 0x0000017661c87070 Uncommon trap: trap_request=0xffffff45 fr.pc=0x000001767404d4e8 relative=0x00000000000027a8
Event: 0.391 Thread 0x0000017661c87070 Uncommon trap: reason=unstable_if action=reinterpret pc=0x000001767404d4e8 method=org.jacoco.agent.rt.internal_f3994fa.asm.commons.AnalyzerAdapter.execute(IILjava/lang/String;)V @ 39 c2
Event: 0.391 Thread 0x0000017661c87070 DEOPT PACKING pc=0x000001767404d4e8 sp=0x0000001ad03fc230
Event: 0.391 Thread 0x0000017661c87070 DEOPT UNPACKING pc=0x0000017673aa46a2 sp=0x0000001ad03fc1d0 mode 2
Event: 0.398 Thread 0x0000017661c87070 DEOPT PACKING pc=0x000001766c5a2ff7 sp=0x0000001ad03fdc30
Event: 0.398 Thread 0x0000017661c87070 DEOPT UNPACKING pc=0x0000017673aa4e42 sp=0x0000001ad03fd080 mode 0
Event: 0.410 Thread 0x0000017661c87070 DEOPT PACKING pc=0x000001766c5a2ff7 sp=0x0000001ad03fd5b0
Event: 0.410 Thread 0x0000017661c87070 DEOPT UNPACKING pc=0x0000017673aa4e42 sp=0x0000001ad03fca00 mode 0
Event: 0.416 Thread 0x0000017661c87070 DEOPT PACKING pc=0x000001766c54c33c sp=0x0000001ad03fa570
Event: 0.416 Thread 0x0000017661c87070 DEOPT UNPACKING pc=0x0000017673aa4e42 sp=0x0000001ad03f9a00 mode 0
Event: 0.420 Thread 0x0000017661c87070 DEOPT PACKING pc=0x000001766c5a2ff7 sp=0x0000001ad03fc1d0
Event: 0.420 Thread 0x0000017661c87070 DEOPT UNPACKING pc=0x0000017673aa4e42 sp=0x0000001ad03fb620 mode 0
Event: 0.425 Thread 0x0000017661c87070 DEOPT PACKING pc=0x000001766c5a2ff7 sp=0x0000001ad03fcab0
Event: 0.425 Thread 0x0000017661c87070 DEOPT UNPACKING pc=0x0000017673aa4e42 sp=0x0000001ad03fbf00 mode 0

Classes loaded (20 events):
Event: 0.399 Loading class jdk/internal/loader/URLClassPath$FileLoader$1
Event: 0.399 Loading class jdk/internal/loader/URLClassPath$FileLoader$1 done
Event: 0.403 Loading class java/net/URISyntaxException
Event: 0.403 Loading class java/net/URISyntaxException done
Event: 0.409 Loading class java/util/stream/MatchOps$MatchKind
Event: 0.409 Loading class java/util/stream/MatchOps$MatchKind done
Event: 0.409 Loading class java/util/stream/MatchOps
Event: 0.409 Loading class java/util/stream/MatchOps done
Event: 0.409 Loading class java/util/stream/MatchOps$MatchOp
Event: 0.409 Loading class java/util/stream/MatchOps$MatchOp done
Event: 0.409 Loading class java/util/stream/MatchOps$BooleanTerminalSink
Event: 0.409 Loading class java/util/stream/MatchOps$BooleanTerminalSink done
Event: 0.410 Loading class java/util/stream/MatchOps$1MatchSink
Event: 0.410 Loading class java/util/stream/MatchOps$1MatchSink done
Event: 0.412 Loading class java/io/UnsupportedEncodingException
Event: 0.412 Loading class java/io/UnsupportedEncodingException done
Event: 0.413 Loading class java/net/URLEncoder
Event: 0.413 Loading class java/net/URLEncoder done
Event: 0.413 Loading class java/io/CharArrayWriter
Event: 0.413 Loading class java/io/CharArrayWriter done

Classes unloaded (0 events):
No events

Classes redefined (0 events):
No events

Internal exceptions (17 events):
Event: 0.088 Thread 0x0000017661c87070 Exception <a 'java/lang/NoSuchMethodError'{0x000000008adec958}: 'void java.lang.invoke.DirectMethodHandle$Holder.invokeStatic(java.lang.Object, java.lang.Object, java.lang.Object)'> (0x000000008adec958) 
thrown [s\src\hotspot\share\interpreter\linkResolver.cpp, line 773]
Event: 0.090 Thread 0x0000017661c87070 Exception <a 'java/lang/NoSuchMethodError'{0x000000008ac03d78}: 'java.lang.Object java.lang.invoke.Invokers$Holder.invokeExact_MT(java.lang.Object, java.lang.Object, java.lang.Object, java.lang.Object, java.lang.Object)'> (0x000000008ac03d78) 
thrown [s\src\hotspot\share\interpreter\linkResolver.cpp, line 773]
Event: 0.122 Thread 0x0000017661c87070 Exception <a 'java/lang/NoSuchMethodError'{0x000000008ac83b20}: 'void java.lang.invoke.DelegatingMethodHandle$Holder.reinvoke_L(java.lang.Object, java.lang.Object, java.lang.Object, java.lang.Object, java.lang.Object, java.lang.Object, java.lang.Object, java.lang.Object)'> (0x000000008ac83b20) 
thrown [s\src\hotspot\share\interpreter\linkResolver.cpp, line 773]
Event: 0.124 Thread 0x0000017661c87070 Exception <a 'java/lang/NoSuchMethodError'{0x000000008ac97f58}: 'java.lang.Object java.lang.invoke.DirectMethodHandle$Holder.invokeStatic(java.lang.Object, java.lang.Object, int)'> (0x000000008ac97f58) 
thrown [s\src\hotspot\share\interpreter\linkResolver.cpp, line 773]
Event: 0.124 Thread 0x0000017661c87070 Exception <a 'java/lang/NoSuchMethodError'{0x000000008aca34c0}: 'void java.lang.invoke.DelegatingMethodHandle$Holder.delegate(java.lang.Object, java.lang.Object, int, java.lang.Object)'> (0x000000008aca34c0) 
thrown [s\src\hotspot\share\interpreter\linkResolver.cpp, line 773]
Event: 0.125 Thread 0x0000017661c87070 Exception <a 'java/lang/NoSuchMethodError'{0x000000008aca6ef0}: 'int java.lang.invoke.DirectMethodHandle$Holder.invokeSpecial(java.lang.Object, java.lang.Object, java.lang.Object)'> (0x000000008aca6ef0) 
thrown [s\src\hotspot\share\interpreter\linkResolver.cpp, line 773]
Event: 0.127 Thread 0x0000017661c87070 Exception <a 'java/lang/NoSuchMethodError'{0x000000008acbd530}: 'void java.lang.invoke.DirectMethodHandle$Holder.invokeStatic(java.lang.Object, java.lang.Object, java.lang.Object, java.lang.Object)'> (0x000000008acbd530) 
thrown [s\src\hotspot\share\interpreter\linkResolver.cpp, line 773]
Event: 0.146 Thread 0x0000017661c87070 Exception <a 'java/lang/NoSuchMethodError'{0x000000008abbdac0}: 'void java.lang.invoke.DirectMethodHandle$Holder.invokeSpecial(java.lang.Object, java.lang.Object, java.lang.Object)'> (0x000000008abbdac0) 
thrown [s\src\hotspot\share\interpreter\linkResolver.cpp, line 773]
Event: 0.146 Thread 0x0000017661c87070 Exception <a 'java/lang/NoSuchMethodError'{0x000000008abc0b00}: 'void java.lang.invoke.Invokers$Holder.invokeExact_MT(java.lang.Object, java.lang.Object, java.lang.Object)'> (0x000000008abc0b00) 
thrown [s\src\hotspot\share\interpreter\linkResolver.cpp, line 773]
Event: 0.337 Thread 0x0000017600a2f0c0 Exception <a 'java/lang/NoSuchMethodError'{0x000000008b25cb78}: 'void java.lang.invoke.DirectMethodHandle$Holder.invokeStatic(java.lang.Object, long)'> (0x000000008b25cb78) 
thrown [s\src\hotspot\share\interpreter\linkResolver.cpp, line 773]
Event: 0.338 Thread 0x0000017600a2f0c0 Exception <a 'java/lang/NoSuchMethodError'{0x000000008b261a08}: 'java.lang.Object java.lang.invoke.DirectMethodHandle$Holder.newInvokeSpecial(java.lang.Object, long)'> (0x000000008b261a08) 
thrown [s\src\hotspot\share\interpreter\linkResolver.cpp, line 773]
Event: 0.339 Thread 0x0000017600a2f0c0 Exception <a 'java/lang/NoSuchMethodError'{0x000000008b26bc90}: 'java.lang.Object java.lang.invoke.DirectMethodHandle$Holder.invokeStatic(java.lang.Object, long, java.lang.Object)'> (0x000000008b26bc90) 
thrown [s\src\hotspot\share\interpreter\linkResolver.cpp, line 773]
Event: 0.339 Thread 0x0000017600a2f0c0 Exception <a 'java/lang/NoSuchMethodError'{0x000000008b26f418}: 'java.lang.Object java.lang.invoke.DirectMethodHandle$Holder.invokeStaticInit(java.lang.Object, long, java.lang.Object)'> (0x000000008b26f418) 
thrown [s\src\hotspot\share\interpreter\linkResolver.cpp, line 773]
Event: 0.409 Thread 0x0000017661c87070 Exception <a 'java/lang/NoSuchMethodError'{0x000000008aae7fd8}: 'int java.lang.invoke.DirectMethodHandle$Holder.invokeVirtual(java.lang.Object, java.lang.Object)'> (0x000000008aae7fd8) 
thrown [s\src\hotspot\share\interpreter\linkResolver.cpp, line 773]
Event: 0.412 Thread 0x0000017661c87070 Exception <a 'java/lang/NoSuchMethodError'{0x000000008a95bea8}: 'java.lang.Object java.lang.invoke.DirectMethodHandle$Holder.invokeStaticInit(java.lang.Object, int)'> (0x000000008a95bea8) 
thrown [s\src\hotspot\share\interpreter\linkResolver.cpp, line 773]
Event: 0.441 Thread 0x0000017661c87070 Exception <a 'java/lang/NoSuchMethodError'{0x000000008a58cdc0}: 'void java.lang.invoke.DirectMethodHandle$Holder.invokeInterface(java.lang.Object, java.lang.Object)'> (0x000000008a58cdc0) 
thrown [s\src\hotspot\share\interpreter\linkResolver.cpp, line 773]
Event: 0.441 Thread 0x0000017661c87070 Exception <a 'java/lang/IncompatibleClassChangeError'{0x000000008a590270}: Found class java.lang.Object, but interface was expected> (0x000000008a590270) 
thrown [s\src\hotspot\share\interpreter\linkResolver.cpp, line 840]

ZGC Phase Switch (0 events):
No events

VM Operations (16 events):
Event: 0.199 Executing VM operation: HandshakeAllThreads (Deoptimize)
Event: 0.199 Executing VM operation: HandshakeAllThreads (Deoptimize) done
Event: 0.243 Executing VM operation: ICBufferFull
Event: 0.243 Executing VM operation: ICBufferFull done
Event: 0.312 Executing VM operation: HandshakeAllThreads (Deoptimize)
Event: 0.313 Executing VM operation: HandshakeAllThreads (Deoptimize) done
Event: 0.329 Executing VM operation: G1CollectForAllocation (G1 Evacuation Pause)
Event: 0.332 Executing VM operation: G1CollectForAllocation (G1 Evacuation Pause) done
Event: 0.373 Executing VM operation: HandshakeAllThreads (Deoptimize)
Event: 0.373 Executing VM operation: HandshakeAllThreads (Deoptimize) done
Event: 0.374 Executing VM operation: HandshakeAllThreads (Deoptimize)
Event: 0.374 Executing VM operation: HandshakeAllThreads (Deoptimize) done
Event: 0.397 Executing VM operation: HandshakeAllThreads (Deoptimize)
Event: 0.397 Executing VM operation: HandshakeAllThreads (Deoptimize) done
Event: 0.399 Executing VM operation: HandshakeAllThreads (Deoptimize)
Event: 0.399 Executing VM operation: HandshakeAllThreads (Deoptimize) done

Events (13 events):
Event: 0.015 Thread 0x0000017661c87070 Thread added: 0x0000017661c87070
Event: 0.022 Thread 0x0000017600a24020 Thread added: 0x0000017600a24020
Event: 0.022 Thread 0x0000017600a24c80 Thread added: 0x0000017600a24c80
Event: 0.023 Thread 0x0000017600a2e4e0 Thread added: 0x0000017600a2e4e0
Event: 0.023 Thread 0x0000017600a31190 Thread added: 0x0000017600a31190
Event: 0.023 Thread 0x0000017600a2fde0 Thread added: 0x0000017600a2fde0
Event: 0.023 Thread 0x0000017600a30470 Thread added: 0x0000017600a30470
Event: 0.023 Thread 0x0000017600a3bb90 Thread added: 0x0000017600a3bb90
Event: 0.023 Thread 0x0000017600a3f650 Thread added: 0x0000017600a3f650
Event: 0.032 Thread 0x0000017600a30b00 Thread added: 0x0000017600a30b00
Event: 0.152 Thread 0x0000017600a31820 Thread added: 0x0000017600a31820
Event: 0.202 Thread 0x0000017600a31eb0 Thread added: 0x0000017600a31eb0
Event: 0.312 Thread 0x0000017600a2f0c0 Thread added: 0x0000017600a2f0c0


Dynamic libraries:
0x00007ff7fec10000 - 0x00007ff7fec1e000 	C:\Program Files\Eclipse Adoptium\jdk-21.0.3.9-hotspot\bin\java.exe
0x00007ff8aa750000 - 0x00007ff8aa967000 	C:\Windows\SYSTEM32\ntdll.dll
0x00007ff8a9d20000 - 0x00007ff8a9de4000 	C:\Windows\System32\KERNEL32.DLL
0x00007ff8a7fa0000 - 0x00007ff8a8346000 	C:\Windows\System32\KERNELBASE.dll
0x00007ff8a8350000 - 0x00007ff8a8461000 	C:\Windows\System32\ucrtbase.dll
0x00007ff88ac70000 - 0x00007ff88ac88000 	C:\Program Files\Eclipse Adoptium\jdk-21.0.3.9-hotspot\bin\jli.dll
0x00007ff88ac50000 - 0x00007ff88ac6b000 	C:\Program Files\Eclipse Adoptium\jdk-21.0.3.9-hotspot\bin\VCRUNTIME140.dll
0x00007ff8a9b10000 - 0x00007ff8a9cbe000 	C:\Windows\System32\USER32.dll
0x00007ff8a8470000 - 0x00007ff8a8496000 	C:\Windows\System32\win32u.dll
0x00007ff896df0000 - 0x00007ff897083000 	C:\Windows\WinSxS\amd64_microsoft.windows.common-controls_6595b64144ccf1df_6.0.22621.2506_none_270c5ae97388e100\COMCTL32.dll
0x00007ff8aa3d0000 - 0x00007ff8aa3f9000 	C:\Windows\System32\GDI32.dll
0x00007ff8a8b10000 - 0x00007ff8a8bb7000 	C:\Windows\System32\msvcrt.dll
0x00007ff8a7e80000 - 0x00007ff8a7f98000 	C:\Windows\System32\gdi32full.dll
0x00007ff8a7b40000 - 0x00007ff8a7bda000 	C:\Windows\System32\msvcp_win.dll
0x00007ff8a91f0000 - 0x00007ff8a9221000 	C:\Windows\System32\IMM32.DLL
0x00007ff89c2c0000 - 0x00007ff89c2cc000 	C:\Program Files\Eclipse Adoptium\jdk-21.0.3.9-hotspot\bin\vcruntime140_1.dll
0x00007ff839170000 - 0x00007ff8391fe000 	C:\Program Files\Eclipse Adoptium\jdk-21.0.3.9-hotspot\bin\msvcp140.dll
0x00007ff832430000 - 0x00007ff8331b2000 	C:\Program Files\Eclipse Adoptium\jdk-21.0.3.9-hotspot\bin\server\jvm.dll
0x00007ff8a9120000 - 0x00007ff8a91d3000 	C:\Windows\System32\ADVAPI32.dll
0x00007ff8aa320000 - 0x00007ff8aa3c8000 	C:\Windows\System32\sechost.dll
0x00007ff8a7b10000 - 0x00007ff8a7b38000 	C:\Windows\System32\bcrypt.dll
0x00007ff8a84a0000 - 0x00007ff8a85b7000 	C:\Windows\System32\RPCRT4.dll
0x00007ff8a9a90000 - 0x00007ff8a9b01000 	C:\Windows\System32\WS2_32.dll
0x00007ff8a68e0000 - 0x00007ff8a692d000 	C:\Windows\SYSTEM32\POWRPROF.dll
0x00007ff897750000 - 0x00007ff897784000 	C:\Windows\SYSTEM32\WINMM.dll
0x00007ff897950000 - 0x00007ff89795a000 	C:\Windows\SYSTEM32\VERSION.dll
0x00007ff8a68c0000 - 0x00007ff8a68d3000 	C:\Windows\SYSTEM32\UMPDC.dll
0x00007ff8a6b80000 - 0x00007ff8a6b98000 	C:\Windows\SYSTEM32\kernel.appcore.dll
0x00007ff88f2f0000 - 0x00007ff88f2fa000 	C:\Program Files\Eclipse Adoptium\jdk-21.0.3.9-hotspot\bin\jimage.dll
0x00007ff89fc40000 - 0x00007ff89fe73000 	C:\Windows\SYSTEM32\DBGHELP.DLL
0x00007ff8a8d90000 - 0x00007ff8a9119000 	C:\Windows\System32\combase.dll
0x00007ff8aa630000 - 0x00007ff8aa707000 	C:\Windows\System32\OLEAUT32.dll
0x00007ff878a70000 - 0x00007ff878aa2000 	C:\Windows\SYSTEM32\dbgcore.DLL
0x00007ff8a7a90000 - 0x00007ff8a7b0a000 	C:\Windows\System32\bcryptPrimitives.dll
0x00007ff845010000 - 0x00007ff84501f000 	C:\Program Files\Eclipse Adoptium\jdk-21.0.3.9-hotspot\bin\instrument.dll
0x00007ff88ac30000 - 0x00007ff88ac4f000 	C:\Program Files\Eclipse Adoptium\jdk-21.0.3.9-hotspot\bin\java.dll
0x00007ff8a9230000 - 0x00007ff8a9a8b000 	C:\Windows\System32\SHELL32.dll
0x00007ff8a59a0000 - 0x00007ff8a6296000 	C:\Windows\SYSTEM32\windows.storage.dll
0x00007ff8a5860000 - 0x00007ff8a599e000 	C:\Windows\SYSTEM32\wintypes.dll
0x00007ff8a8670000 - 0x00007ff8a8763000 	C:\Windows\System32\SHCORE.dll
0x00007ff8a8ab0000 - 0x00007ff8a8b0e000 	C:\Windows\System32\shlwapi.dll
0x00007ff8a79c0000 - 0x00007ff8a79e6000 	C:\Windows\SYSTEM32\profapi.dll
0x00007ff839090000 - 0x00007ff839167000 	C:\Program Files\Eclipse Adoptium\jdk-21.0.3.9-hotspot\bin\jsvml.dll
0x00007ff83ba10000 - 0x00007ff83ba28000 	C:\Program Files\Eclipse Adoptium\jdk-21.0.3.9-hotspot\bin\zip.dll
0x00007ff87a2d0000 - 0x00007ff87a2e0000 	C:\Program Files\Eclipse Adoptium\jdk-21.0.3.9-hotspot\bin\net.dll
0x00007ff8a22b0000 - 0x00007ff8a23e7000 	C:\Windows\SYSTEM32\WINHTTP.dll
0x00007ff8a6ff0000 - 0x00007ff8a7059000 	C:\Windows\system32\mswsock.dll
0x00007ff8413d0000 - 0x00007ff8413e6000 	C:\Program Files\Eclipse Adoptium\jdk-21.0.3.9-hotspot\bin\nio.dll
0x00007ff847e70000 - 0x00007ff847e80000 	C:\Program Files\Eclipse Adoptium\jdk-21.0.3.9-hotspot\bin\verify.dll
0x00007ff89b4a0000 - 0x00007ff89b4b7000 	C:\Windows\system32\napinsp.dll
0x00007ff89af20000 - 0x00007ff89af3b000 	C:\Windows\system32\pnrpnsp.dll
0x00007ff8a65c0000 - 0x00007ff8a66b9000 	C:\Windows\SYSTEM32\DNSAPI.dll
0x00007ff8a6500000 - 0x00007ff8a652d000 	C:\Windows\SYSTEM32\IPHLPAPI.DLL
0x00007ff8a8bc0000 - 0x00007ff8a8bc9000 	C:\Windows\System32\NSI.dll
0x00007ff89af00000 - 0x00007ff89af11000 	C:\Windows\System32\winrnr.dll
0x00007ff89aee0000 - 0x00007ff89aef5000 	C:\Windows\system32\wshbth.dll
0x00007ff89ae70000 - 0x00007ff89ae91000 	C:\Windows\system32\nlansp_c.dll
0x00007ff8a0b40000 - 0x00007ff8a0b4a000 	C:\Windows\System32\rasadhlp.dll
0x00007ff8a17e0000 - 0x00007ff8a1863000 	C:\Windows\System32\fwpuclnt.dll
0x00007ff844790000 - 0x00007ff84479a000 	C:\Program Files\Eclipse Adoptium\jdk-21.0.3.9-hotspot\bin\management.dll
0x00007ff8416d0000 - 0x00007ff8416db000 	C:\Program Files\Eclipse Adoptium\jdk-21.0.3.9-hotspot\bin\management_ext.dll
0x00007ff8a91e0000 - 0x00007ff8a91e8000 	C:\Windows\System32\PSAPI.DLL

dbghelp: loaded successfully - version: 4.0.5 - missing functions: none
symbol engine: initialized successfully - sym options: 0x614 - pdb path: .;C:\Program Files\Eclipse Adoptium\jdk-21.0.3.9-hotspot\bin;C:\Windows\SYSTEM32;C:\Windows\WinSxS\amd64_microsoft.windows.common-controls_6595b64144ccf1df_6.0.22621.2506_none_270c5ae97388e100;C:\Program Files\Eclipse Adoptium\jdk-21.0.3.9-hotspot\bin\server

VM Arguments:
jvm_args: -javaagent:C:\\Users\\Admin\\.m2\\repository\\org\\jacoco\\org.jacoco.agent\\0.8.6\\org.jacoco.agent-0.8.6-runtime.jar=destfile=C:\\Users\\Admin\\dev\\tests\\java_sec_demo-main\\target\\jacoco.exec 
java_command: C:\Users\Admin\AppData\Local\Temp\surefire6390913346248180731\surefirebooter7496413421917216415.jar C:\Users\Admin\AppData\Local\Temp\surefire6390913346248180731 2024-07-30T12-44-50_415-jvmRun1 surefire5251883963668476583tmp surefire_017283297263901726792tmp
java_class_path (initial): C:\Users\Admin\AppData\Local\Temp\surefire6390913346248180731\surefirebooter7496413421917216415.jar
Launcher Type: SUN_STANDARD

[Global flags]
     intx CICompilerCount                          = 4                                         {product} {ergonomic}
     uint ConcGCThreads                            = 2                                         {product} {ergonomic}
     uint G1ConcRefinementThreads                  = 8                                         {product} {ergonomic}
   size_t G1HeapRegionSize                         = 1048576                                   {product} {ergonomic}
    uintx GCDrainStackTargetSize                   = 64                                        {product} {ergonomic}
   size_t InitialHeapSize                          = 132120576                                 {product} {ergonomic}
   size_t MarkStackSize                            = 4194304                                   {product} {ergonomic}
   size_t MaxHeapSize                              = 2090860544                                {product} {ergonomic}
   size_t MaxNewSize                               = 1254096896                                {product} {ergonomic}
   size_t MinHeapDeltaBytes                        = 1048576                                   {product} {ergonomic}
   size_t MinHeapSize                              = 8388608                                   {product} {ergonomic}
    uintx NonNMethodCodeHeapSize                   = 5839372                                {pd product} {ergonomic}
    uintx NonProfiledCodeHeapSize                  = 122909434                              {pd product} {ergonomic}
    uintx ProfiledCodeHeapSize                     = 122909434                              {pd product} {ergonomic}
    uintx ReservedCodeCacheSize                    = 251658240                              {pd product} {ergonomic}
     bool SegmentedCodeCache                       = true                                      {product} {ergonomic}
   size_t SoftMaxHeapSize                          = 2090860544                             {manageable} {ergonomic}
     bool UseCompressedOops                        = true                           {product lp64_product} {ergonomic}
     bool UseG1GC                                  = true                                      {product} {ergonomic}
     bool UseLargePagesIndividualAllocation        = false                                  {pd product} {ergonomic}

Logging:
Log output configuration:
 #0: stdout all=warning uptime,level,tags foldmultilines=false
 #1: stderr all=off uptime,level,tags foldmultilines=false

Environment Variables:
JAVA_HOME=C:/Program Files/Eclipse Adoptium/jdk-21.0.3.9-hotspot
PATH=C:\Users\Admin\bin;C:\Program Files\Git\mingw64\bin;C:\Program Files\Git\usr\local\bin;C:\Program Files\Git\usr\bin;C:\Program Files\Git\usr\bin;C:\Program Files\Git\mingw64\bin;C:\Program Files\Git\usr\bin;C:\Users\Admin\bin;C:\Program Files\Eclipse Adoptium\jdk-21.0.3.9-hotspot\bin;C:\Windows\system32;C:\Windows;C:\Windows\System32\Wbem;C:\Windows\System32\WindowsPowerShell\v1.0;C:\Windows\System32\OpenSSH;C:\Program Files\Microsoft SQL Server\Client SDK\ODBC\170\Tools\Binn;C:\Program Files\Microsoft SQL Server\150\Tools\Binn;C:\Program Files\dotnet;C:\Program Files\nodejs;C:\Program Files\Docker\Docker\resources\bin;C:\Program Files\Git\cmd;C:\Program Files\apache-maven-3.9.8\bin;C:\Users\Admin\AppData\Local\Microsoft\WindowsApps;C:\Users\Admin\.dotnet\tools;C:\Users\Admin\AppData\Local\Programs\Microsoft VS Code\bin;C:\Users\Admin\AppData\Local\JetBrains\Toolbox\scripts;C:\Users\Admin\AppData\Roaming\npm;C:\Program Files\Git\usr\bin\vendor_perl;C:\Program Files\Git\usr\bin\core_perl
USERNAME=Admin
SHELL=C:\Program Files\Git\usr\bin\bash.exe
DISPLAY=needs-to-be-defined
LANG=es_ES.UTF-8
TERM=xterm-256color
TMPDIR=C:\Users\Admin\AppData\Local\Temp
OS=Windows_NT
PROCESSOR_IDENTIFIER=Intel64 Family 6 Model 151 Stepping 5, GenuineIntel
TMP=C:\Users\Admin\AppData\Local\Temp
TEMP=C:\Users\Admin\AppData\Local\Temp




Periodic native trim disabled

---------------  S Y S T E M  ---------------

OS:
 Windows 11 , 64 bit Build 22621 (10.0.22621.3078)
OS uptime: 0 days 2:09 hours
Hyper-V role detected

CPU: total 8 (initial active 8) (4 cores per cpu, 2 threads per core) family 6 model 151 stepping 5 microcode 0x1e, cx8, cmov, fxsr, ht, mmx, 3dnowpref, sse, sse2, sse3, ssse3, sse4.1, sse4.2, popcnt, lzcnt, tsc, tscinvbit, avx, avx2, aes, erms, clmul, bmi1, bmi2, adx, sha, fma, vzeroupper, clflush, clflushopt, clwb, hv, serialize, rdtscp, rdpid, fsrm, f16c, cet_ibt, cet_ss
Processor Information for all 8 processors :
  Max Mhz: 3300, Current Mhz: 3300, Mhz Limit: 3300

Memory: 4k page, system-wide physical 7969M (173M free)
TotalPageFile size 16161M (AvailPageFile size 4M)
current process WorkingSet (physical memory assigned to process): 90M, peak: 90M
current process commit charge ("private bytes"): 228M, peak: 228M

vm_info: OpenJDK 64-Bit Server VM (21.0.3+9-LTS) for windows-amd64 JRE (21.0.3+9-LTS), built on 2024-04-16T00:00:00Z by "admin" with MS VC++ 17.7 (VS2022)

END.
